# JRE version: OpenJDK Runtime Environment (8.0_382-b05) (build 1.8.0_382-b05)
# Java VM: OpenJDK 64-Bit Server VM (25.382-b05 mixed mode windows-amd64 compressed oops)
Heap:
 PSYoungGen      total 70656K, used 21471K [0x00000000d6900000, 0x00000000db300000, 0x0000000100000000)
  eden space 65536K, 32% used [0x00000000d6900000,0x00000000d7df7f00,0x00000000da900000)
  from space 5120K, 0% used [0x00000000da900000,0x00000000da900000,0x00000000dae00000)
  to   space 5120K, 0% used [0x00000000dae00000,0x00000000dae00000,0x00000000db300000)
 ParOldGen       total 63488K, used 11075K [0x0000000083a00000, 0x0000000087800000, 0x00000000d6900000)
  object space 63488K, 17% used [0x0000000083a00000,0x00000000844d0d68,0x0000000087800000)
 Metaspace       used 23362K, capacity 23880K, committed 24064K, reserved 1071104K
  class space    used 2835K, capacity 2955K, committed 3072K, reserved 1048576K
GC Heap History (10 events):
Event: 0.813 GC heap before
{Heap before GC invocations=2 (full 0):
 PSYoungGen      total 37888K, used 37884K [0x00000000d6900000, 0x00000000db300000, 0x0000000100000000)
  eden space 32768K, 100% used [0x00000000d6900000,0x00000000d8900000,0x00000000d8900000)
  from space 5120K, 99% used [0x00000000d8900000,0x00000000d8dff008,0x00000000d8e00000)
  to   space 5120K, 0% used [0x00000000dae00000,0x00000000dae00000,0x00000000db300000)
 ParOldGen       total 86016K, used 599K [0x0000000083a00000, 0x0000000088e00000, 0x00000000d6900000)
  object space 86016K, 0% used [0x0000000083a00000,0x0000000083a95cd8,0x0000000088e00000)
 Metaspace       used 12072K, capacity 12226K, committed 12416K, reserved 1060864K
  class space    used 1499K, capacity 1576K, committed 1664K, reserved 1048576K
Event: 0.819 GC heap after
Heap after GC invocations=2 (full 0):
 PSYoungGen      total 70656K, used 5096K [0x00000000d6900000, 0x00000000db300000, 0x0000000100000000)
  eden space 65536K, 0% used [0x00000000d6900000,0x00000000d6900000,0x00000000da900000)
  from space 5120K, 99% used [0x00000000dae00000,0x00000000db2fa2f8,0x00000000db300000)
  to   space 5120K, 0% used [0x00000000da900000,0x00000000da900000,0x00000000dae00000)
 ParOldGen       total 86016K, used 3055K [0x0000000083a00000, 0x0000000088e00000, 0x00000000d6900000)
  object space 86016K, 3% used [0x0000000083a00000,0x0000000083cfbd98,0x0000000088e00000)
 Metaspace       used 12072K, capacity 12226K, committed 12416K, reserved 1060864K
  class space    used 1499K, capacity 1576K, committed 1664K, reserved 1048576K
}
Event: 1.814 GC heap before
{Heap before GC invocations=3 (full 0):
 PSYoungGen      total 70656K, used 70632K [0x00000000d6900000, 0x00000000db300000, 0x0000000100000000)
  eden space 65536K, 100% used [0x00000000d6900000,0x00000000da900000,0x00000000da900000)
  from space 5120K, 99% used [0x00000000dae00000,0x00000000db2fa2f8,0x00000000db300000)
  to   space 5120K, 0% used [0x00000000da900000,0x00000000da900000,0x00000000dae00000)
 ParOldGen       total 86016K, used 3055K [0x0000000083a00000, 0x0000000088e00000, 0x00000000d6900000)
  object space 86016K, 3% used [0x0000000083a00000,0x0000000083cfbd98,0x0000000088e00000)
 Metaspace       used 16123K, capacity 16470K, committed 16640K, reserved 1064960K
  class space    used 1929K, capacity 2018K, committed 2048K, reserved 1048576K
Event: 1.825 GC heap after
Heap after GC invocations=3 (full 0):
 PSYoungGen      total 70656K, used 5088K [0x00000000d6900000, 0x00000000db300000, 0x0000000100000000)
  eden space 65536K, 0% used [0x00000000d6900000,0x00000000d6900000,0x00000000da900000)
  from space 5120K, 99% used [0x00000000da900000,0x00000000dadf8040,0x00000000dae00000)
  to   space 5120K, 0% used [0x00000000dae00000,0x00000000dae00000,0x00000000db300000)
 ParOldGen       total 86016K, used 7706K [0x0000000083a00000, 0x0000000088e00000, 0x00000000d6900000)
  object space 86016K, 8% used [0x0000000083a00000,0x0000000084186bf0,0x0000000088e00000)
 Metaspace       used 16123K, capacity 16470K, committed 16640K, reserved 1064960K
  class space    used 1929K, capacity 2018K, committed 2048K, reserved 1048576K
}
Event: 2.389 GC heap before
{Heap before GC invocations=4 (full 0):
 PSYoungGen      total 70656K, used 70624K [0x00000000d6900000, 0x00000000db300000, 0x0000000100000000)
  eden space 65536K, 100% used [0x00000000d6900000,0x00000000da900000,0x00000000da900000)
  from space 5120K, 99% used [0x00000000da900000,0x00000000dadf8040,0x00000000dae00000)
  to   space 5120K, 0% used [0x00000000dae00000,0x00000000dae00000,0x00000000db300000)
 ParOldGen       total 86016K, used 7706K [0x0000000083a00000, 0x0000000088e00000, 0x00000000d6900000)
  object space 86016K, 8% used [0x0000000083a00000,0x0000000084186bf0,0x0000000088e00000)
 Metaspace       used 18566K, capacity 19012K, committed 19328K, reserved 1067008K
  class space    used 2225K, capacity 2331K, committed 2432K, reserved 1048576K
Event: 2.397 GC heap after
Heap after GC invocations=4 (full 0):
 PSYoungGen      total 70656K, used 5104K [0x00000000d6900000, 0x00000000db300000, 0x0000000100000000)
  eden space 65536K, 0% used [0x00000000d6900000,0x00000000d6900000,0x00000000da900000)
  from space 5120K, 99% used [0x00000000dae00000,0x00000000db2fc030,0x00000000db300000)
  to   space 5120K, 0% used [0x00000000da900000,0x00000000da900000,0x00000000dae00000)
 ParOldGen       total 86016K, used 12521K [0x0000000083a00000, 0x0000000088e00000, 0x00000000d6900000)
  object space 86016K, 14% used [0x0000000083a00000,0x000000008463a600,0x0000000088e00000)
 Metaspace       used 18566K, capacity 19012K, committed 19328K, reserved 1067008K
  class space    used 2225K, capacity 2331K, committed 2432K, reserved 1048576K
}
Event: 2.568 GC heap before
{Heap before GC invocations=5 (full 0):
 PSYoungGen      total 70656K, used 20958K [0x00000000d6900000, 0x00000000db300000, 0x0000000100000000)
  eden space 65536K, 24% used [0x00000000d6900000,0x00000000d787b8c0,0x00000000da900000)
  from space 5120K, 99% used [0x00000000dae00000,0x00000000db2fc030,0x00000000db300000)
  to   space 5120K, 0% used [0x00000000da900000,0x00000000da900000,0x00000000dae00000)
 ParOldGen       total 86016K, used 12521K [0x0000000083a00000, 0x0000000088e00000, 0x00000000d6900000)
  object space 86016K, 14% used [0x0000000083a00000,0x000000008463a600,0x0000000088e00000)
 Metaspace       used 20598K, capacity 21128K, committed 21296K, reserved 1069056K
  class space    used 2489K, capacity 2635K, committed 2688K, reserved 1048576K
Event: 2.574 GC heap after
Heap after GC invocations=5 (full 0):
 PSYoungGen      total 70656K, used 5089K [0x00000000d6900000, 0x00000000db300000, 0x0000000100000000)
  eden space 65536K, 0% used [0x00000000d6900000,0x00000000d6900000,0x00000000da900000)
  from space 5120K, 99% used [0x00000000da900000,0x00000000dadf8600,0x00000000dae00000)
  to   space 5120K, 0% used [0x00000000dae00000,0x00000000dae00000,0x00000000db300000)
 ParOldGen       total 86016K, used 14256K [0x0000000083a00000, 0x0000000088e00000, 0x00000000d6900000)
  object space 86016K, 16% used [0x0000000083a00000,0x00000000847ec0f0,0x0000000088e00000)
 Metaspace       used 20598K, capacity 21128K, committed 21296K, reserved 1069056K
  class space    used 2489K, capacity 2635K, committed 2688K, reserved 1048576K
}
Event: 2.574 GC heap before
{Heap before GC invocations=6 (full 1):
 PSYoungGen      total 70656K, used 5089K [0x00000000d6900000, 0x00000000db300000, 0x0000000100000000)
  eden space 65536K, 0% used [0x00000000d6900000,0x00000000d6900000,0x00000000da900000)
  from space 5120K, 99% used [0x00000000da900000,0x00000000dadf8600,0x00000000dae00000)
  to   space 5120K, 0% used [0x00000000dae00000,0x00000000dae00000,0x00000000db300000)
 ParOldGen       total 86016K, used 14256K [0x0000000083a00000, 0x0000000088e00000, 0x00000000d6900000)
  object space 86016K, 16% used [0x0000000083a00000,0x00000000847ec0f0,0x0000000088e00000)
 Metaspace       used 20598K, capacity 21128K, committed 21296K, reserved 1069056K
  class space    used 2489K, capacity 2635K, committed 2688K, reserved 1048576K
Event: 2.606 GC heap after
Heap after GC invocations=6 (full 1):
 PSYoungGen      total 70656K, used 0K [0x00000000d6900000, 0x00000000db300000, 0x0000000100000000)
  eden space 65536K, 0% used [0x00000000d6900000,0x00000000d6900000,0x00000000da900000)
  from space 5120K, 0% used [0x00000000da900000,0x00000000da900000,0x00000000dae00000)
  to   space 5120K, 0% used [0x00000000dae00000,0x00000000dae00000,0x00000000db300000)
 ParOldGen       total 63488K, used 11075K [0x0000000083a00000, 0x0000000087800000, 0x00000000d6900000)
  object space 63488K, 17% used [0x0000000083a00000,0x00000000844d0d68,0x0000000087800000)
 Metaspace       used 20598K, capacity 21128K, committed 21296K, reserved 1069056K
  class space    used 2489K, capacity 2635K, committed 2688K, reserved 1048576K
}

